0 info it worked if it ends with ok
1 verbose cli [ 'C:\\Program Files\\nodejs\\node.exe',
1 verbose cli   'C:\\Program Files\\nodejs\\node_modules\\npm\\bin\\npm-cli.js',
1 verbose cli   'start' ]
2 info using npm@4.0.5
3 info using node@v7.4.0
4 verbose run-script [ 'prestart', 'start', 'poststart' ]
5 info lifecycle luadm@0.0.0~prestart: luadm@0.0.0
6 silly lifecycle luadm@0.0.0~prestart: no script for prestart, continuing
7 info lifecycle luadm@0.0.0~start: luadm@0.0.0
8 verbose lifecycle luadm@0.0.0~start: unsafe-perm in lifecycle true
9 verbose lifecycle luadm@0.0.0~start: PATH: C:\Program Files\nodejs\node_modules\npm\bin\node-gyp-bin;C:\dev\linkup\luAdm\node_modules\.bin;C:\Users\Jono\AppData\Roaming\npm;C:\Program Files\nodejs\;C:\util;C:\util\ConEmu;C:\Program Files\Docker\Docker\Resources\bin;C:\Program Files (x86)\GnuWin32\bin;C:\Python27\Scripts;C:\Python27;C:\ProgramData\Oracle\Java\javapath;C:\Program Files\PostgreSQL\9.5\bin;C:\Program Files (x86)\NVIDIA Corporation\PhysX\Common;C:\WINDOWS\system32;C:\WINDOWS;C:\WINDOWS\System32\Wbem;C:\WINDOWS\System32\WindowsPowerShell\v1.0\;C:\Program Files\Microsoft DNX\Dnvm\;C:\Users\Jono\Desktop;C:\Program Files\TortoiseSVN\bin;C:\wamp\bin\php\php5.5.12;C:\ProgramData\ComposerSetup\bin;C:\dev\db\mongodb\bin;C:\util\7za920;C:\Program Files (x86)\Windows Kits\8.1\Windows Performance Toolkit\;C:\Program Files (x86)\Heroku\bin;C:\Program Files (x86)\git\cmd;C:\Users\Jono\AppData\Local\Programs\Git\cmd;C:\Users\Jono\AppData\Local\Programs\Git\mingw32\bin;C:\Users\Jono\AppData\Local\Programs\Git\usr\bin;C:\Program Files (x86)\Microsoft SDKs\TypeScript\1.0\;C:\Program Files (x86)\Microsoft SQL Server\Client SDK\ODBC\130\Tools\Bin;C:\Program Files\nodejs\;C:\Program Files\Microsoft SQL Server\Client SDK\ODBC\130\Tools\Binn\;C:\Program Files (x86)\Microsoft SQL Server\130\Tools\Binn\;C:\Program Files\Microsoft SQL Server\130\Tools\Binn\;C:\Program Files\Microsoft SQL Server\130\DTS\Binn\;C:\Program Files (x86)\Microsoft SQL Server\Client SDK\ODBC\130\Tools\Binn\;C:\Program Files (x86)\Microsoft SQL Server\140\Tools\Binn\;C:\Program Files (x86)\Microsoft SQL Server\140\DTS\Binn\;C:\Program Files (x86)\Microsoft SQL Server\140\Tools\Binn\ManagementStudio\;C:\Ruby22\bin;C:\Users\Jono\AppData\Local\Programs\Git\cmd;C:\Users\Jono\AppData\Local\Programs\Git\mingw64\bin;C:\Users\Jono\AppData\Local\Programs\Git\usr\bin;C:\Users\Jono\AppData\Local\.meteor\;C:\dev\phantomjs\bin;C:\Users\Jono\AppData\Local\Microsoft\WindowsApps;C:\Program Files (x86)\Microsoft VS Code\bin;C:\Users\Jono\AppData\Roaming\npm
10 verbose lifecycle luadm@0.0.0~start: CWD: C:\dev\linkup\luAdm
11 silly lifecycle luadm@0.0.0~start: Args: [ '/d /s /c', 'babel-node ./bin/www' ]
12 silly lifecycle luadm@0.0.0~start: Returned: code: 1  signal: null
13 info lifecycle luadm@0.0.0~start: Failed to exec start script
14 verbose stack Error: luadm@0.0.0 start: `babel-node ./bin/www`
14 verbose stack Exit status 1
14 verbose stack     at EventEmitter.<anonymous> (C:\Program Files\nodejs\node_modules\npm\lib\utils\lifecycle.js:279:16)
14 verbose stack     at emitTwo (events.js:106:13)
14 verbose stack     at EventEmitter.emit (events.js:191:7)
14 verbose stack     at ChildProcess.<anonymous> (C:\Program Files\nodejs\node_modules\npm\lib\utils\spawn.js:40:14)
14 verbose stack     at emitTwo (events.js:106:13)
14 verbose stack     at ChildProcess.emit (events.js:191:7)
14 verbose stack     at maybeClose (internal/child_process.js:885:16)
14 verbose stack     at Process.ChildProcess._handle.onexit (internal/child_process.js:226:5)
15 verbose pkgid luadm@0.0.0
16 verbose cwd C:\dev\linkup\luAdm
17 error Windows_NT 10.0.14393
18 error argv "C:\\Program Files\\nodejs\\node.exe" "C:\\Program Files\\nodejs\\node_modules\\npm\\bin\\npm-cli.js" "start"
19 error node v7.4.0
20 error npm  v4.0.5
21 error code ELIFECYCLE
22 error luadm@0.0.0 start: `babel-node ./bin/www`
22 error Exit status 1
23 error Failed at the luadm@0.0.0 start script 'babel-node ./bin/www'.
23 error Make sure you have the latest version of node.js and npm installed.
23 error If you do, this is most likely a problem with the luadm package,
23 error not with npm itself.
23 error Tell the author that this fails on your system:
23 error     babel-node ./bin/www
23 error You can get information on how to open an issue for this project with:
23 error     npm bugs luadm
23 error Or if that isn't available, you can get their info via:
23 error     npm owner ls luadm
23 error There is likely additional logging output above.
24 verbose exit [ 1, true ]
